<?xml version="1.0" encoding="UTF-8"?>
<testsuite xmlns:xsi="http://www.w3.org/2001/XMLSchema-instance" xsi:noNamespaceSchemaLocation="https://maven.apache.org/surefire/maven-surefire-plugin/xsd/surefire-test-report.xsd" name="com.youbout.batchperformance.BatchPerformanceApplicationTests" time="0.784" tests="1" errors="1" skipped="0" failures="0">
  <properties>
    <property name="sun.desktop" value="windows"/>
    <property name="awt.toolkit" value="sun.awt.windows.WToolkit"/>
    <property name="java.specification.version" value="11"/>
    <property name="sun.cpu.isalist" value="amd64"/>
    <property name="sun.jnu.encoding" value="Cp1252"/>
    <property name="java.class.path" value="C:\Users\netadmin\Downloads\spring-batch-performance-master\spring-batch-performance-master\target\test-classes;C:\Users\netadmin\Downloads\spring-batch-performance-master\spring-batch-performance-master\target\classes;D:\mavenlocalrepository\mavenlocalrepository\org\springframework\boot\spring-boot-starter-batch\2.2.6.RELEASE\spring-boot-starter-batch-2.2.6.RELEASE.jar;D:\mavenlocalrepository\mavenlocalrepository\org\springframework\boot\spring-boot-starter\2.2.6.RELEASE\spring-boot-starter-2.2.6.RELEASE.jar;D:\mavenlocalrepository\mavenlocalrepository\org\springframework\boot\spring-boot\2.2.6.RELEASE\spring-boot-2.2.6.RELEASE.jar;D:\mavenlocalrepository\mavenlocalrepository\org\springframework\boot\spring-boot-autoconfigure\2.2.6.RELEASE\spring-boot-autoconfigure-2.2.6.RELEASE.jar;D:\mavenlocalrepository\mavenlocalrepository\org\springframework\boot\spring-boot-starter-logging\2.2.6.RELEASE\spring-boot-starter-logging-2.2.6.RELEASE.jar;D:\mavenlocalrepository\mavenlocalrepository\ch\qos\logback\logback-classic\1.2.3\logback-classic-1.2.3.jar;D:\mavenlocalrepository\mavenlocalrepository\ch\qos\logback\logback-core\1.2.3\logback-core-1.2.3.jar;D:\mavenlocalrepository\mavenlocalrepository\org\apache\logging\log4j\log4j-to-slf4j\2.12.1\log4j-to-slf4j-2.12.1.jar;D:\mavenlocalrepository\mavenlocalrepository\org\apache\logging\log4j\log4j-api\2.12.1\log4j-api-2.12.1.jar;D:\mavenlocalrepository\mavenlocalrepository\org\slf4j\jul-to-slf4j\1.7.30\jul-to-slf4j-1.7.30.jar;D:\mavenlocalrepository\mavenlocalrepository\jakarta\annotation\jakarta.annotation-api\1.3.5\jakarta.annotation-api-1.3.5.jar;D:\mavenlocalrepository\mavenlocalrepository\org\yaml\snakeyaml\1.25\snakeyaml-1.25.jar;D:\mavenlocalrepository\mavenlocalrepository\org\springframework\boot\spring-boot-starter-jdbc\2.2.6.RELEASE\spring-boot-starter-jdbc-2.2.6.RELEASE.jar;D:\mavenlocalrepository\mavenlocalrepository\com\zaxxer\HikariCP\3.4.2\HikariCP-3.4.2.jar;D:\mavenlocalrepository\mavenlocalrepository\org\springframework\batch\spring-batch-integration\4.2.1.RELEASE\spring-batch-integration-4.2.1.RELEASE.jar;D:\mavenlocalrepository\mavenlocalrepository\org\springframework\integration\spring-integration-core\5.2.5.RELEASE\spring-integration-core-5.2.5.RELEASE.jar;D:\mavenlocalrepository\mavenlocalrepository\io\projectreactor\reactor-core\3.3.4.RELEASE\reactor-core-3.3.4.RELEASE.jar;D:\mavenlocalrepository\mavenlocalrepository\org\reactivestreams\reactive-streams\1.0.3\reactive-streams-1.0.3.jar;D:\mavenlocalrepository\mavenlocalrepository\org\springframework\retry\spring-retry\1.2.5.RELEASE\spring-retry-1.2.5.RELEASE.jar;D:\mavenlocalrepository\mavenlocalrepository\org\springframework\spring-aop\5.2.5.RELEASE\spring-aop-5.2.5.RELEASE.jar;D:\mavenlocalrepository\mavenlocalrepository\org\springframework\spring-context\5.2.5.RELEASE\spring-context-5.2.5.RELEASE.jar;D:\mavenlocalrepository\mavenlocalrepository\org\springframework\spring-expression\5.2.5.RELEASE\spring-expression-5.2.5.RELEASE.jar;D:\mavenlocalrepository\mavenlocalrepository\org\springframework\spring-messaging\5.2.5.RELEASE\spring-messaging-5.2.5.RELEASE.jar;D:\mavenlocalrepository\mavenlocalrepository\org\springframework\spring-tx\5.2.5.RELEASE\spring-tx-5.2.5.RELEASE.jar;D:\mavenlocalrepository\mavenlocalrepository\org\springframework\batch\spring-batch-core\4.2.2.RELEASE\spring-batch-core-4.2.2.RELEASE.jar;D:\mavenlocalrepository\mavenlocalrepository\com\fasterxml\jackson\core\jackson-databind\2.10.3\jackson-databind-2.10.3.jar;D:\mavenlocalrepository\mavenlocalrepository\com\fasterxml\jackson\core\jackson-annotations\2.10.3\jackson-annotations-2.10.3.jar;D:\mavenlocalrepository\mavenlocalrepository\com\fasterxml\jackson\core\jackson-core\2.10.3\jackson-core-2.10.3.jar;D:\mavenlocalrepository\mavenlocalrepository\io\micrometer\micrometer-core\1.3.6\micrometer-core-1.3.6.jar;D:\mavenlocalrepository\mavenlocalrepository\org\hdrhistogram\HdrHistogram\2.1.11\HdrHistogram-2.1.11.jar;D:\mavenlocalrepository\mavenlocalrepository\org\latencyutils\LatencyUtils\2.0.3\LatencyUtils-2.0.3.jar;D:\mavenlocalrepository\mavenlocalrepository\javax\batch\javax.batch-api\1.0\javax.batch-api-1.0.jar;D:\mavenlocalrepository\mavenlocalrepository\org\codehaus\jettison\jettison\1.2\jettison-1.2.jar;D:\mavenlocalrepository\mavenlocalrepository\org\springframework\batch\spring-batch-infrastructure\4.2.1.RELEASE\spring-batch-infrastructure-4.2.1.RELEASE.jar;D:\mavenlocalrepository\mavenlocalrepository\org\springframework\spring-beans\5.2.5.RELEASE\spring-beans-5.2.5.RELEASE.jar;D:\mavenlocalrepository\mavenlocalrepository\org\springframework\spring-core\5.2.5.RELEASE\spring-core-5.2.5.RELEASE.jar;D:\mavenlocalrepository\mavenlocalrepository\org\springframework\spring-jcl\5.2.5.RELEASE\spring-jcl-5.2.5.RELEASE.jar;D:\mavenlocalrepository\mavenlocalrepository\org\springframework\boot\spring-boot-starter-web\2.2.6.RELEASE\spring-boot-starter-web-2.2.6.RELEASE.jar;D:\mavenlocalrepository\mavenlocalrepository\org\springframework\boot\spring-boot-starter-json\2.2.6.RELEASE\spring-boot-starter-json-2.2.6.RELEASE.jar;D:\mavenlocalrepository\mavenlocalrepository\com\fasterxml\jackson\datatype\jackson-datatype-jdk8\2.10.3\jackson-datatype-jdk8-2.10.3.jar;D:\mavenlocalrepository\mavenlocalrepository\com\fasterxml\jackson\datatype\jackson-datatype-jsr310\2.10.3\jackson-datatype-jsr310-2.10.3.jar;D:\mavenlocalrepository\mavenlocalrepository\com\fasterxml\jackson\module\jackson-module-parameter-names\2.10.3\jackson-module-parameter-names-2.10.3.jar;D:\mavenlocalrepository\mavenlocalrepository\org\springframework\boot\spring-boot-starter-tomcat\2.2.6.RELEASE\spring-boot-starter-tomcat-2.2.6.RELEASE.jar;D:\mavenlocalrepository\mavenlocalrepository\org\apache\tomcat\embed\tomcat-embed-core\9.0.33\tomcat-embed-core-9.0.33.jar;D:\mavenlocalrepository\mavenlocalrepository\org\apache\tomcat\embed\tomcat-embed-el\9.0.33\tomcat-embed-el-9.0.33.jar;D:\mavenlocalrepository\mavenlocalrepository\org\apache\tomcat\embed\tomcat-embed-websocket\9.0.33\tomcat-embed-websocket-9.0.33.jar;D:\mavenlocalrepository\mavenlocalrepository\org\springframework\boot\spring-boot-starter-validation\2.2.6.RELEASE\spring-boot-starter-validation-2.2.6.RELEASE.jar;D:\mavenlocalrepository\mavenlocalrepository\jakarta\validation\jakarta.validation-api\2.0.2\jakarta.validation-api-2.0.2.jar;D:\mavenlocalrepository\mavenlocalrepository\org\hibernate\validator\hibernate-validator\6.0.18.Final\hibernate-validator-6.0.18.Final.jar;D:\mavenlocalrepository\mavenlocalrepository\org\jboss\logging\jboss-logging\3.4.1.Final\jboss-logging-3.4.1.Final.jar;D:\mavenlocalrepository\mavenlocalrepository\com\fasterxml\classmate\1.5.1\classmate-1.5.1.jar;D:\mavenlocalrepository\mavenlocalrepository\org\springframework\spring-web\5.2.5.RELEASE\spring-web-5.2.5.RELEASE.jar;D:\mavenlocalrepository\mavenlocalrepository\org\springframework\spring-webmvc\5.2.5.RELEASE\spring-webmvc-5.2.5.RELEASE.jar;D:\mavenlocalrepository\mavenlocalrepository\org\postgresql\postgresql\42.2.11\postgresql-42.2.11.jar;D:\mavenlocalrepository\mavenlocalrepository\org\springframework\boot\spring-boot-configuration-processor\2.2.6.RELEASE\spring-boot-configuration-processor-2.2.6.RELEASE.jar;D:\mavenlocalrepository\mavenlocalrepository\org\projectlombok\lombok\1.18.12\lombok-1.18.12.jar;D:\mavenlocalrepository\mavenlocalrepository\org\springframework\boot\spring-boot-starter-test\2.2.6.RELEASE\spring-boot-starter-test-2.2.6.RELEASE.jar;D:\mavenlocalrepository\mavenlocalrepository\org\springframework\boot\spring-boot-test\2.2.6.RELEASE\spring-boot-test-2.2.6.RELEASE.jar;D:\mavenlocalrepository\mavenlocalrepository\org\springframework\boot\spring-boot-test-autoconfigure\2.2.6.RELEASE\spring-boot-test-autoconfigure-2.2.6.RELEASE.jar;D:\mavenlocalrepository\mavenlocalrepository\com\jayway\jsonpath\json-path\2.4.0\json-path-2.4.0.jar;D:\mavenlocalrepository\mavenlocalrepository\net\minidev\json-smart\2.3\json-smart-2.3.jar;D:\mavenlocalrepository\mavenlocalrepository\net\minidev\accessors-smart\1.2\accessors-smart-1.2.jar;D:\mavenlocalrepository\mavenlocalrepository\org\ow2\asm\asm\5.0.4\asm-5.0.4.jar;D:\mavenlocalrepository\mavenlocalrepository\org\slf4j\slf4j-api\1.7.30\slf4j-api-1.7.30.jar;D:\mavenlocalrepository\mavenlocalrepository\jakarta\xml\bind\jakarta.xml.bind-api\2.3.3\jakarta.xml.bind-api-2.3.3.jar;D:\mavenlocalrepository\mavenlocalrepository\jakarta\activation\jakarta.activation-api\1.2.2\jakarta.activation-api-1.2.2.jar;D:\mavenlocalrepository\mavenlocalrepository\org\junit\jupiter\junit-jupiter\5.5.2\junit-jupiter-5.5.2.jar;D:\mavenlocalrepository\mavenlocalrepository\org\junit\jupiter\junit-jupiter-api\5.5.2\junit-jupiter-api-5.5.2.jar;D:\mavenlocalrepository\mavenlocalrepository\org\apiguardian\apiguardian-api\1.1.0\apiguardian-api-1.1.0.jar;D:\mavenlocalrepository\mavenlocalrepository\org\opentest4j\opentest4j\1.2.0\opentest4j-1.2.0.jar;D:\mavenlocalrepository\mavenlocalrepository\org\junit\platform\junit-platform-commons\1.5.2\junit-platform-commons-1.5.2.jar;D:\mavenlocalrepository\mavenlocalrepository\org\junit\jupiter\junit-jupiter-params\5.5.2\junit-jupiter-params-5.5.2.jar;D:\mavenlocalrepository\mavenlocalrepository\org\junit\jupiter\junit-jupiter-engine\5.5.2\junit-jupiter-engine-5.5.2.jar;D:\mavenlocalrepository\mavenlocalrepository\org\junit\platform\junit-platform-engine\1.5.2\junit-platform-engine-1.5.2.jar;D:\mavenlocalrepository\mavenlocalrepository\org\mockito\mockito-junit-jupiter\3.1.0\mockito-junit-jupiter-3.1.0.jar;D:\mavenlocalrepository\mavenlocalrepository\org\assertj\assertj-core\3.13.2\assertj-core-3.13.2.jar;D:\mavenlocalrepository\mavenlocalrepository\org\hamcrest\hamcrest\2.1\hamcrest-2.1.jar;D:\mavenlocalrepository\mavenlocalrepository\org\mockito\mockito-core\3.1.0\mockito-core-3.1.0.jar;D:\mavenlocalrepository\mavenlocalrepository\net\bytebuddy\byte-buddy\1.10.8\byte-buddy-1.10.8.jar;D:\mavenlocalrepository\mavenlocalrepository\net\bytebuddy\byte-buddy-agent\1.10.8\byte-buddy-agent-1.10.8.jar;D:\mavenlocalrepository\mavenlocalrepository\org\objenesis\objenesis\2.6\objenesis-2.6.jar;D:\mavenlocalrepository\mavenlocalrepository\org\skyscreamer\jsonassert\1.5.0\jsonassert-1.5.0.jar;D:\mavenlocalrepository\mavenlocalrepository\com\vaadin\external\google\android-json\0.0.20131108.vaadin1\android-json-0.0.20131108.vaadin1.jar;D:\mavenlocalrepository\mavenlocalrepository\org\springframework\spring-test\5.2.5.RELEASE\spring-test-5.2.5.RELEASE.jar;D:\mavenlocalrepository\mavenlocalrepository\org\xmlunit\xmlunit-core\2.6.4\xmlunit-core-2.6.4.jar;D:\mavenlocalrepository\mavenlocalrepository\org\springframework\batch\spring-batch-test\4.2.1.RELEASE\spring-batch-test-4.2.1.RELEASE.jar;D:\mavenlocalrepository\mavenlocalrepository\junit\junit\4.12\junit-4.12.jar;D:\mavenlocalrepository\mavenlocalrepository\org\hamcrest\hamcrest-core\2.1\hamcrest-core-2.1.jar;D:\mavenlocalrepository\mavenlocalrepository\org\springframework\spring-jdbc\5.2.5.RELEASE\spring-jdbc-5.2.5.RELEASE.jar;"/>
    <property name="java.vm.vendor" value="Oracle Corporation"/>
    <property name="sun.arch.data.model" value="64"/>
    <property name="user.variant" value=""/>
    <property name="java.vendor.url" value="https://openjdk.java.net/"/>
    <property name="user.timezone" value="Asia/Calcutta"/>
    <property name="java.vm.specification.version" value="11"/>
    <property name="os.name" value="Windows 10"/>
    <property name="sun.java.launcher" value="SUN_STANDARD"/>
    <property name="user.country" value="IN"/>
    <property name="sun.boot.library.path" value="D:\Java\jdk-11.0.8\bin"/>
    <property name="sun.java.command" value="C:\Users\netadmin\AppData\Local\Temp\surefire12647134121697927071\surefirebooter8938383861598640615.jar C:\Users\netadmin\AppData\Local\Temp\surefire12647134121697927071 2021-11-14T23-15-37_907-jvmRun1 surefire1453297188526824175tmp surefire_09682293014226893750tmp"/>
    <property name="jdk.debug" value="release"/>
    <property name="surefire.test.class.path" value="C:\Users\netadmin\Downloads\spring-batch-performance-master\spring-batch-performance-master\target\test-classes;C:\Users\netadmin\Downloads\spring-batch-performance-master\spring-batch-performance-master\target\classes;D:\mavenlocalrepository\mavenlocalrepository\org\springframework\boot\spring-boot-starter-batch\2.2.6.RELEASE\spring-boot-starter-batch-2.2.6.RELEASE.jar;D:\mavenlocalrepository\mavenlocalrepository\org\springframework\boot\spring-boot-starter\2.2.6.RELEASE\spring-boot-starter-2.2.6.RELEASE.jar;D:\mavenlocalrepository\mavenlocalrepository\org\springframework\boot\spring-boot\2.2.6.RELEASE\spring-boot-2.2.6.RELEASE.jar;D:\mavenlocalrepository\mavenlocalrepository\org\springframework\boot\spring-boot-autoconfigure\2.2.6.RELEASE\spring-boot-autoconfigure-2.2.6.RELEASE.jar;D:\mavenlocalrepository\mavenlocalrepository\org\springframework\boot\spring-boot-starter-logging\2.2.6.RELEASE\spring-boot-starter-logging-2.2.6.RELEASE.jar;D:\mavenlocalrepository\mavenlocalrepository\ch\qos\logback\logback-classic\1.2.3\logback-classic-1.2.3.jar;D:\mavenlocalrepository\mavenlocalrepository\ch\qos\logback\logback-core\1.2.3\logback-core-1.2.3.jar;D:\mavenlocalrepository\mavenlocalrepository\org\apache\logging\log4j\log4j-to-slf4j\2.12.1\log4j-to-slf4j-2.12.1.jar;D:\mavenlocalrepository\mavenlocalrepository\org\apache\logging\log4j\log4j-api\2.12.1\log4j-api-2.12.1.jar;D:\mavenlocalrepository\mavenlocalrepository\org\slf4j\jul-to-slf4j\1.7.30\jul-to-slf4j-1.7.30.jar;D:\mavenlocalrepository\mavenlocalrepository\jakarta\annotation\jakarta.annotation-api\1.3.5\jakarta.annotation-api-1.3.5.jar;D:\mavenlocalrepository\mavenlocalrepository\org\yaml\snakeyaml\1.25\snakeyaml-1.25.jar;D:\mavenlocalrepository\mavenlocalrepository\org\springframework\boot\spring-boot-starter-jdbc\2.2.6.RELEASE\spring-boot-starter-jdbc-2.2.6.RELEASE.jar;D:\mavenlocalrepository\mavenlocalrepository\com\zaxxer\HikariCP\3.4.2\HikariCP-3.4.2.jar;D:\mavenlocalrepository\mavenlocalrepository\org\springframework\batch\spring-batch-integration\4.2.1.RELEASE\spring-batch-integration-4.2.1.RELEASE.jar;D:\mavenlocalrepository\mavenlocalrepository\org\springframework\integration\spring-integration-core\5.2.5.RELEASE\spring-integration-core-5.2.5.RELEASE.jar;D:\mavenlocalrepository\mavenlocalrepository\io\projectreactor\reactor-core\3.3.4.RELEASE\reactor-core-3.3.4.RELEASE.jar;D:\mavenlocalrepository\mavenlocalrepository\org\reactivestreams\reactive-streams\1.0.3\reactive-streams-1.0.3.jar;D:\mavenlocalrepository\mavenlocalrepository\org\springframework\retry\spring-retry\1.2.5.RELEASE\spring-retry-1.2.5.RELEASE.jar;D:\mavenlocalrepository\mavenlocalrepository\org\springframework\spring-aop\5.2.5.RELEASE\spring-aop-5.2.5.RELEASE.jar;D:\mavenlocalrepository\mavenlocalrepository\org\springframework\spring-context\5.2.5.RELEASE\spring-context-5.2.5.RELEASE.jar;D:\mavenlocalrepository\mavenlocalrepository\org\springframework\spring-expression\5.2.5.RELEASE\spring-expression-5.2.5.RELEASE.jar;D:\mavenlocalrepository\mavenlocalrepository\org\springframework\spring-messaging\5.2.5.RELEASE\spring-messaging-5.2.5.RELEASE.jar;D:\mavenlocalrepository\mavenlocalrepository\org\springframework\spring-tx\5.2.5.RELEASE\spring-tx-5.2.5.RELEASE.jar;D:\mavenlocalrepository\mavenlocalrepository\org\springframework\batch\spring-batch-core\4.2.2.RELEASE\spring-batch-core-4.2.2.RELEASE.jar;D:\mavenlocalrepository\mavenlocalrepository\com\fasterxml\jackson\core\jackson-databind\2.10.3\jackson-databind-2.10.3.jar;D:\mavenlocalrepository\mavenlocalrepository\com\fasterxml\jackson\core\jackson-annotations\2.10.3\jackson-annotations-2.10.3.jar;D:\mavenlocalrepository\mavenlocalrepository\com\fasterxml\jackson\core\jackson-core\2.10.3\jackson-core-2.10.3.jar;D:\mavenlocalrepository\mavenlocalrepository\io\micrometer\micrometer-core\1.3.6\micrometer-core-1.3.6.jar;D:\mavenlocalrepository\mavenlocalrepository\org\hdrhistogram\HdrHistogram\2.1.11\HdrHistogram-2.1.11.jar;D:\mavenlocalrepository\mavenlocalrepository\org\latencyutils\LatencyUtils\2.0.3\LatencyUtils-2.0.3.jar;D:\mavenlocalrepository\mavenlocalrepository\javax\batch\javax.batch-api\1.0\javax.batch-api-1.0.jar;D:\mavenlocalrepository\mavenlocalrepository\org\codehaus\jettison\jettison\1.2\jettison-1.2.jar;D:\mavenlocalrepository\mavenlocalrepository\org\springframework\batch\spring-batch-infrastructure\4.2.1.RELEASE\spring-batch-infrastructure-4.2.1.RELEASE.jar;D:\mavenlocalrepository\mavenlocalrepository\org\springframework\spring-beans\5.2.5.RELEASE\spring-beans-5.2.5.RELEASE.jar;D:\mavenlocalrepository\mavenlocalrepository\org\springframework\spring-core\5.2.5.RELEASE\spring-core-5.2.5.RELEASE.jar;D:\mavenlocalrepository\mavenlocalrepository\org\springframework\spring-jcl\5.2.5.RELEASE\spring-jcl-5.2.5.RELEASE.jar;D:\mavenlocalrepository\mavenlocalrepository\org\springframework\boot\spring-boot-starter-web\2.2.6.RELEASE\spring-boot-starter-web-2.2.6.RELEASE.jar;D:\mavenlocalrepository\mavenlocalrepository\org\springframework\boot\spring-boot-starter-json\2.2.6.RELEASE\spring-boot-starter-json-2.2.6.RELEASE.jar;D:\mavenlocalrepository\mavenlocalrepository\com\fasterxml\jackson\datatype\jackson-datatype-jdk8\2.10.3\jackson-datatype-jdk8-2.10.3.jar;D:\mavenlocalrepository\mavenlocalrepository\com\fasterxml\jackson\datatype\jackson-datatype-jsr310\2.10.3\jackson-datatype-jsr310-2.10.3.jar;D:\mavenlocalrepository\mavenlocalrepository\com\fasterxml\jackson\module\jackson-module-parameter-names\2.10.3\jackson-module-parameter-names-2.10.3.jar;D:\mavenlocalrepository\mavenlocalrepository\org\springframework\boot\spring-boot-starter-tomcat\2.2.6.RELEASE\spring-boot-starter-tomcat-2.2.6.RELEASE.jar;D:\mavenlocalrepository\mavenlocalrepository\org\apache\tomcat\embed\tomcat-embed-core\9.0.33\tomcat-embed-core-9.0.33.jar;D:\mavenlocalrepository\mavenlocalrepository\org\apache\tomcat\embed\tomcat-embed-el\9.0.33\tomcat-embed-el-9.0.33.jar;D:\mavenlocalrepository\mavenlocalrepository\org\apache\tomcat\embed\tomcat-embed-websocket\9.0.33\tomcat-embed-websocket-9.0.33.jar;D:\mavenlocalrepository\mavenlocalrepository\org\springframework\boot\spring-boot-starter-validation\2.2.6.RELEASE\spring-boot-starter-validation-2.2.6.RELEASE.jar;D:\mavenlocalrepository\mavenlocalrepository\jakarta\validation\jakarta.validation-api\2.0.2\jakarta.validation-api-2.0.2.jar;D:\mavenlocalrepository\mavenlocalrepository\org\hibernate\validator\hibernate-validator\6.0.18.Final\hibernate-validator-6.0.18.Final.jar;D:\mavenlocalrepository\mavenlocalrepository\org\jboss\logging\jboss-logging\3.4.1.Final\jboss-logging-3.4.1.Final.jar;D:\mavenlocalrepository\mavenlocalrepository\com\fasterxml\classmate\1.5.1\classmate-1.5.1.jar;D:\mavenlocalrepository\mavenlocalrepository\org\springframework\spring-web\5.2.5.RELEASE\spring-web-5.2.5.RELEASE.jar;D:\mavenlocalrepository\mavenlocalrepository\org\springframework\spring-webmvc\5.2.5.RELEASE\spring-webmvc-5.2.5.RELEASE.jar;D:\mavenlocalrepository\mavenlocalrepository\org\postgresql\postgresql\42.2.11\postgresql-42.2.11.jar;D:\mavenlocalrepository\mavenlocalrepository\org\springframework\boot\spring-boot-configuration-processor\2.2.6.RELEASE\spring-boot-configuration-processor-2.2.6.RELEASE.jar;D:\mavenlocalrepository\mavenlocalrepository\org\projectlombok\lombok\1.18.12\lombok-1.18.12.jar;D:\mavenlocalrepository\mavenlocalrepository\org\springframework\boot\spring-boot-starter-test\2.2.6.RELEASE\spring-boot-starter-test-2.2.6.RELEASE.jar;D:\mavenlocalrepository\mavenlocalrepository\org\springframework\boot\spring-boot-test\2.2.6.RELEASE\spring-boot-test-2.2.6.RELEASE.jar;D:\mavenlocalrepository\mavenlocalrepository\org\springframework\boot\spring-boot-test-autoconfigure\2.2.6.RELEASE\spring-boot-test-autoconfigure-2.2.6.RELEASE.jar;D:\mavenlocalrepository\mavenlocalrepository\com\jayway\jsonpath\json-path\2.4.0\json-path-2.4.0.jar;D:\mavenlocalrepository\mavenlocalrepository\net\minidev\json-smart\2.3\json-smart-2.3.jar;D:\mavenlocalrepository\mavenlocalrepository\net\minidev\accessors-smart\1.2\accessors-smart-1.2.jar;D:\mavenlocalrepository\mavenlocalrepository\org\ow2\asm\asm\5.0.4\asm-5.0.4.jar;D:\mavenlocalrepository\mavenlocalrepository\org\slf4j\slf4j-api\1.7.30\slf4j-api-1.7.30.jar;D:\mavenlocalrepository\mavenlocalrepository\jakarta\xml\bind\jakarta.xml.bind-api\2.3.3\jakarta.xml.bind-api-2.3.3.jar;D:\mavenlocalrepository\mavenlocalrepository\jakarta\activation\jakarta.activation-api\1.2.2\jakarta.activation-api-1.2.2.jar;D:\mavenlocalrepository\mavenlocalrepository\org\junit\jupiter\junit-jupiter\5.5.2\junit-jupiter-5.5.2.jar;D:\mavenlocalrepository\mavenlocalrepository\org\junit\jupiter\junit-jupiter-api\5.5.2\junit-jupiter-api-5.5.2.jar;D:\mavenlocalrepository\mavenlocalrepository\org\apiguardian\apiguardian-api\1.1.0\apiguardian-api-1.1.0.jar;D:\mavenlocalrepository\mavenlocalrepository\org\opentest4j\opentest4j\1.2.0\opentest4j-1.2.0.jar;D:\mavenlocalrepository\mavenlocalrepository\org\junit\platform\junit-platform-commons\1.5.2\junit-platform-commons-1.5.2.jar;D:\mavenlocalrepository\mavenlocalrepository\org\junit\jupiter\junit-jupiter-params\5.5.2\junit-jupiter-params-5.5.2.jar;D:\mavenlocalrepository\mavenlocalrepository\org\junit\jupiter\junit-jupiter-engine\5.5.2\junit-jupiter-engine-5.5.2.jar;D:\mavenlocalrepository\mavenlocalrepository\org\junit\platform\junit-platform-engine\1.5.2\junit-platform-engine-1.5.2.jar;D:\mavenlocalrepository\mavenlocalrepository\org\mockito\mockito-junit-jupiter\3.1.0\mockito-junit-jupiter-3.1.0.jar;D:\mavenlocalrepository\mavenlocalrepository\org\assertj\assertj-core\3.13.2\assertj-core-3.13.2.jar;D:\mavenlocalrepository\mavenlocalrepository\org\hamcrest\hamcrest\2.1\hamcrest-2.1.jar;D:\mavenlocalrepository\mavenlocalrepository\org\mockito\mockito-core\3.1.0\mockito-core-3.1.0.jar;D:\mavenlocalrepository\mavenlocalrepository\net\bytebuddy\byte-buddy\1.10.8\byte-buddy-1.10.8.jar;D:\mavenlocalrepository\mavenlocalrepository\net\bytebuddy\byte-buddy-agent\1.10.8\byte-buddy-agent-1.10.8.jar;D:\mavenlocalrepository\mavenlocalrepository\org\objenesis\objenesis\2.6\objenesis-2.6.jar;D:\mavenlocalrepository\mavenlocalrepository\org\skyscreamer\jsonassert\1.5.0\jsonassert-1.5.0.jar;D:\mavenlocalrepository\mavenlocalrepository\com\vaadin\external\google\android-json\0.0.20131108.vaadin1\android-json-0.0.20131108.vaadin1.jar;D:\mavenlocalrepository\mavenlocalrepository\org\springframework\spring-test\5.2.5.RELEASE\spring-test-5.2.5.RELEASE.jar;D:\mavenlocalrepository\mavenlocalrepository\org\xmlunit\xmlunit-core\2.6.4\xmlunit-core-2.6.4.jar;D:\mavenlocalrepository\mavenlocalrepository\org\springframework\batch\spring-batch-test\4.2.1.RELEASE\spring-batch-test-4.2.1.RELEASE.jar;D:\mavenlocalrepository\mavenlocalrepository\junit\junit\4.12\junit-4.12.jar;D:\mavenlocalrepository\mavenlocalrepository\org\hamcrest\hamcrest-core\2.1\hamcrest-core-2.1.jar;D:\mavenlocalrepository\mavenlocalrepository\org\springframework\spring-jdbc\5.2.5.RELEASE\spring-jdbc-5.2.5.RELEASE.jar;"/>
    <property name="sun.cpu.endian" value="little"/>
    <property name="user.home" value="C:\Users\netadmin"/>
    <property name="user.language" value="en"/>
    <property name="java.specification.vendor" value="Oracle Corporation"/>
    <property name="java.version.date" value="2020-07-14"/>
    <property name="java.home" value="D:\Java\jdk-11.0.8"/>
    <property name="file.separator" value="\"/>
    <property name="basedir" value="C:\Users\netadmin\Downloads\spring-batch-performance-master\spring-batch-performance-master"/>
    <property name="java.vm.compressedOopsMode" value="Zero based"/>
    <property name="line.separator" value="&#10;"/>
    <property name="java.specification.name" value="Java Platform API Specification"/>
    <property name="java.vm.specification.vendor" value="Oracle Corporation"/>
    <property name="java.awt.graphicsenv" value="sun.awt.Win32GraphicsEnvironment"/>
    <property name="surefire.real.class.path" value="C:\Users\netadmin\AppData\Local\Temp\surefire12647134121697927071\surefirebooter8938383861598640615.jar"/>
    <property name="user.script" value=""/>
    <property name="sun.management.compiler" value="HotSpot 64-Bit Tiered Compilers"/>
    <property name="java.runtime.version" value="11.0.8+10-LTS"/>
    <property name="user.name" value="netadmin"/>
    <property name="path.separator" value=";"/>
    <property name="os.version" value="10.0"/>
    <property name="java.runtime.name" value="Java(TM) SE Runtime Environment"/>
    <property name="file.encoding" value="Cp1252"/>
    <property name="java.vm.name" value="Java HotSpot(TM) 64-Bit Server VM"/>
    <property name="java.vendor.version" value="18.9"/>
    <property name="localRepository" value="D:\mavenlocalrepository\mavenlocalrepository"/>
    <property name="java.vendor.url.bug" value="https://bugreport.java.com/bugreport/"/>
    <property name="java.io.tmpdir" value="C:\Users\netadmin\AppData\Local\Temp\"/>
    <property name="java.version" value="11.0.8"/>
    <property name="user.dir" value="C:\Users\netadmin\Downloads\spring-batch-performance-master\spring-batch-performance-master"/>
    <property name="os.arch" value="amd64"/>
    <property name="java.vm.specification.name" value="Java Virtual Machine Specification"/>
    <property name="java.awt.printerjob" value="sun.awt.windows.WPrinterJob"/>
    <property name="sun.os.patch.level" value=""/>
    <property name="java.library.path" value="D:\Java\jdk-11.0.8\bin;C:\WINDOWS\Sun\Java\bin;C:\WINDOWS\system32;C:\WINDOWS;D:\app\netadmin\product\11.2.0\dbhome_2\bin;D:\app\netadmin\product\11.2.0\dbhome_1\bin;C:\Program Files\ImageMagick-7.0.8-Q16;C:\ProgramData\Boxstarter;D:\Java\jdk-11.0.8\bin;C:\WINDOWS\system32;C:\WINDOWS;C:\WINDOWS\System32\Wbem;C:\WINDOWS\System32\WindowsPowerShell\v1.0\;C:\WINDOWS\System32\OpenSSH\;C:\Kube\;c:\project-open\bin;c:\project-open\pgsql\bin;C:\Tools\apache-maven-3.6.3\bin;C:\WINDOWS\system32;C:\WINDOWS;C:\WINDOWS\System32\Wbem;C:\WINDOWS\System32\WindowsPowerShell\v1.0\;C:\WINDOWS\System32\OpenSSH\;D:\softwares\apache-ant-1.10.5\bin;C:\Program Files\Git\cmd;C:\Bitnami\wampstack-7.1.26-0\php;C:\ProgramData\ComposerSetup\bin;C:\Program Files (x86)\Intel\Intel(R) Management Engine Components\DAL;C:\Program Files\Intel\Intel(R) Management Engine Components\DAL;D:\scala\bin;D:\flutter_windows_1.22.5-stable\flutter\flutter\bin;D:\softwares\wso2am-micro-gw-toolkit-3.0.1\wso2am-micro-gw-toolkit-3.0.1\bin;D:\softwares\wso2am-micro-gw-3.0.1\bin;C:\Program Files\Intel\WiFi\bin\;C:\Program Files\Common Files\Intel\WirelessCommon\;D:\softwares\apache-jmeter-5.1.1\bin;D:\Cellery\kind;C:\kind\;D:\nvm;C:\Program Files\nodejs;C:\Program Files\OpenSSL-Win64\bin;C:\Program Files\PuTTY\;C:\Program Files (x86)\Yarn\bin\;C:\Program Files\dotnet\;C:\Program Files\Docker\Docker\resources\bin;C:\ProgramData\DockerDesktop\version-bin;D:\Projects\Carrating\apache-activemq-5.16.2-bin\apache-activemq-5.16.2\bin;D:\Magic xpi 4.7\Studio\Extensions\Application;C:\Program Files\Microsoft SQL Server\Client SDK\ODBC\110\Tools\Binn\;C:\Program Files (x86)\Microsoft SQL Server\120\Tools\Binn\;C:\Program Files\Microsoft SQL Server\120\Tools\Binn\;C:\Program Files\Microsoft SQL Server\120\DTS\Binn\;D:\Magic xpi 4.7\Studio\Extensions\Application;C:\Magic xpi 4.7\Runtime\Jre\Bin;C:\Magic xpi 4.7\Studio\Extensions\Application;C:\gradle-6.9.1-bin\gradle-6.9.1\bin;D:\WSO2\Identity Server\5.11.0\bin\..\bin;D:\Python36\Scripts\;D:\Python36\;C:\Users\netadmin\AppData\Local\Microsoft\WindowsApps;C:\Users\netadmin\AppData\Local\Microsoft\WindowsApps;C:\Users\netadmin\AppData\Local\Programs\Microsoft VS Code\bin;C:\Users\netadmin\AppData\Roaming\Composer\vendor\bin;D:\nvm;C:\Program Files\nodejs;C:\Users\netadmin\AppData\Local\Yarn\bin;C:\Users\netadmin\.dotnet\tools;C:\Users\netadmin\AppData\Local\GitHubDesktop\bin;."/>
    <property name="java.vendor" value="Oracle Corporation"/>
    <property name="java.vm.info" value="mixed mode"/>
    <property name="java.vm.version" value="11.0.8+10-LTS"/>
    <property name="sun.io.unicode.encoding" value="UnicodeLittle"/>
    <property name="java.class.version" value="55.0"/>
  </properties>
  <testcase name="com.youbout.batchperformance.BatchPerformanceApplicationTests" classname="com.youbout.batchperformance.BatchPerformanceApplicationTests" time="0.782">
    <error message="Unable to find a @SpringBootConfiguration, you need to use @ContextConfiguration or @SpringBootTest(classes=...) with your test" type="java.lang.IllegalStateException">java.lang.IllegalStateException: Unable to find a @SpringBootConfiguration, you need to use @ContextConfiguration or @SpringBootTest(classes=...) with your test
</error>
    <system-out><![CDATA[23:15:41.688 [main] DEBUG org.springframework.test.context.BootstrapUtils - Instantiating CacheAwareContextLoaderDelegate from class [org.springframework.test.context.cache.DefaultCacheAwareContextLoaderDelegate]
23:15:41.711 [main] DEBUG org.springframework.test.context.BootstrapUtils - Instantiating BootstrapContext using constructor [public org.springframework.test.context.support.DefaultBootstrapContext(java.lang.Class,org.springframework.test.context.CacheAwareContextLoaderDelegate)]
23:15:41.764 [main] DEBUG org.springframework.test.context.BootstrapUtils - Instantiating TestContextBootstrapper for test class [com.youbout.batchperformance.BatchPerformanceApplicationTests] from class [org.springframework.boot.test.context.SpringBootTestContextBootstrapper]
23:15:41.795 [main] INFO org.springframework.boot.test.context.SpringBootTestContextBootstrapper - Neither @ContextConfiguration nor @ContextHierarchy found for test class [com.youbout.batchperformance.BatchPerformanceApplicationTests], using SpringBootContextLoader
23:15:41.803 [main] DEBUG org.springframework.test.context.support.AbstractContextLoader - Did not detect default resource location for test class [com.youbout.batchperformance.BatchPerformanceApplicationTests]: class path resource [com/youbout/batchperformance/BatchPerformanceApplicationTests-context.xml] does not exist
23:15:41.803 [main] DEBUG org.springframework.test.context.support.AbstractContextLoader - Did not detect default resource location for test class [com.youbout.batchperformance.BatchPerformanceApplicationTests]: class path resource [com/youbout/batchperformance/BatchPerformanceApplicationTestsContext.groovy] does not exist
23:15:41.804 [main] INFO org.springframework.test.context.support.AbstractContextLoader - Could not detect default resource locations for test class [com.youbout.batchperformance.BatchPerformanceApplicationTests]: no resource found for suffixes {-context.xml, Context.groovy}.
23:15:41.804 [main] INFO org.springframework.test.context.support.AnnotationConfigContextLoaderUtils - Could not detect default configuration classes for test class [com.youbout.batchperformance.BatchPerformanceApplicationTests]: BatchPerformanceApplicationTests does not declare any static, non-private, non-final, nested classes annotated with @Configuration.
23:15:41.902 [main] DEBUG org.springframework.test.context.support.ActiveProfilesUtils - Could not find an 'annotation declaring class' for annotation type [org.springframework.test.context.ActiveProfiles] and class [com.youbout.batchperformance.BatchPerformanceApplicationTests]
23:15:42.015 [main] DEBUG org.springframework.test.context.BootstrapUtils - Instantiating CacheAwareContextLoaderDelegate from class [org.springframework.test.context.cache.DefaultCacheAwareContextLoaderDelegate]
23:15:42.015 [main] DEBUG org.springframework.test.context.BootstrapUtils - Instantiating BootstrapContext using constructor [public org.springframework.test.context.support.DefaultBootstrapContext(java.lang.Class,org.springframework.test.context.CacheAwareContextLoaderDelegate)]
23:15:42.015 [main] DEBUG org.springframework.test.context.BootstrapUtils - Instantiating TestContextBootstrapper for test class [com.youbout.batchperformance.BatchPerformanceApplicationTests] from class [org.springframework.boot.test.context.SpringBootTestContextBootstrapper]
23:15:42.016 [main] INFO org.springframework.boot.test.context.SpringBootTestContextBootstrapper - Neither @ContextConfiguration nor @ContextHierarchy found for test class [com.youbout.batchperformance.BatchPerformanceApplicationTests], using SpringBootContextLoader
23:15:42.017 [main] DEBUG org.springframework.test.context.support.AbstractContextLoader - Did not detect default resource location for test class [com.youbout.batchperformance.BatchPerformanceApplicationTests]: class path resource [com/youbout/batchperformance/BatchPerformanceApplicationTests-context.xml] does not exist
23:15:42.017 [main] DEBUG org.springframework.test.context.support.AbstractContextLoader - Did not detect default resource location for test class [com.youbout.batchperformance.BatchPerformanceApplicationTests]: class path resource [com/youbout/batchperformance/BatchPerformanceApplicationTestsContext.groovy] does not exist
23:15:42.017 [main] INFO org.springframework.test.context.support.AbstractContextLoader - Could not detect default resource locations for test class [com.youbout.batchperformance.BatchPerformanceApplicationTests]: no resource found for suffixes {-context.xml, Context.groovy}.
23:15:42.017 [main] INFO org.springframework.test.context.support.AnnotationConfigContextLoaderUtils - Could not detect default configuration classes for test class [com.youbout.batchperformance.BatchPerformanceApplicationTests]: BatchPerformanceApplicationTests does not declare any static, non-private, non-final, nested classes annotated with @Configuration.
23:15:42.019 [main] DEBUG org.springframework.test.context.support.ActiveProfilesUtils - Could not find an 'annotation declaring class' for annotation type [org.springframework.test.context.ActiveProfiles] and class [com.youbout.batchperformance.BatchPerformanceApplicationTests]
23:15:42.040 [main] DEBUG org.springframework.test.context.BootstrapUtils - Instantiating CacheAwareContextLoaderDelegate from class [org.springframework.test.context.cache.DefaultCacheAwareContextLoaderDelegate]
23:15:42.040 [main] DEBUG org.springframework.test.context.BootstrapUtils - Instantiating BootstrapContext using constructor [public org.springframework.test.context.support.DefaultBootstrapContext(java.lang.Class,org.springframework.test.context.CacheAwareContextLoaderDelegate)]
23:15:42.041 [main] DEBUG org.springframework.test.context.BootstrapUtils - Instantiating TestContextBootstrapper for test class [com.youbout.batchperformance.BatchPerformanceApplicationTests] from class [org.springframework.boot.test.context.SpringBootTestContextBootstrapper]
23:15:42.042 [main] INFO org.springframework.boot.test.context.SpringBootTestContextBootstrapper - Neither @ContextConfiguration nor @ContextHierarchy found for test class [com.youbout.batchperformance.BatchPerformanceApplicationTests], using SpringBootContextLoader
23:15:42.042 [main] DEBUG org.springframework.test.context.support.AbstractContextLoader - Did not detect default resource location for test class [com.youbout.batchperformance.BatchPerformanceApplicationTests]: class path resource [com/youbout/batchperformance/BatchPerformanceApplicationTests-context.xml] does not exist
23:15:42.043 [main] DEBUG org.springframework.test.context.support.AbstractContextLoader - Did not detect default resource location for test class [com.youbout.batchperformance.BatchPerformanceApplicationTests]: class path resource [com/youbout/batchperformance/BatchPerformanceApplicationTestsContext.groovy] does not exist
23:15:42.043 [main] INFO org.springframework.test.context.support.AbstractContextLoader - Could not detect default resource locations for test class [com.youbout.batchperformance.BatchPerformanceApplicationTests]: no resource found for suffixes {-context.xml, Context.groovy}.
23:15:42.043 [main] INFO org.springframework.test.context.support.AnnotationConfigContextLoaderUtils - Could not detect default configuration classes for test class [com.youbout.batchperformance.BatchPerformanceApplicationTests]: BatchPerformanceApplicationTests does not declare any static, non-private, non-final, nested classes annotated with @Configuration.
23:15:42.045 [main] DEBUG org.springframework.test.context.support.ActiveProfilesUtils - Could not find an 'annotation declaring class' for annotation type [org.springframework.test.context.ActiveProfiles] and class [com.youbout.batchperformance.BatchPerformanceApplicationTests]
]]></system-out>
  </testcase>
</testsuite>